<?xml version="1.0" encoding="UTF-8"?>
<!-- Generated by org.testng.reporters.JUnitReportReporter -->
<testsuite skipped="0" hostname="DESKTOP-KN642OP" name="BrokenLinks.BrokenLinks.BrokenImageTest" tests="1" failures="0" timestamp="2022-03-22T12:40:58 IST" time="10.914" errors="0">
  <testcase name="doTest" time="10.914" classname="BrokenLinks.BrokenLinks.BrokenImageTest"/>
  <system-out/>
</testsuite> <!-- BrokenLinks.BrokenLinks.BrokenImageTest -->
