<?xml version="1.0" encoding="UTF-8"?>
<!-- Generated by org.testng.reporters.JUnitReportReporter -->
<testsuite skipped="0" hostname="DESKTOP-KN642OP" name="BrokenLinks.BrokenLinks.BrokenLinksTest" tests="1" failures="0" timestamp="2022-03-22T12:36:56 IST" time="89.094" errors="0">
  <testcase name="doTest" time="89.094" classname="BrokenLinks.BrokenLinks.BrokenLinksTest"/>
  <system-out/>
</testsuite> <!-- BrokenLinks.BrokenLinks.BrokenLinksTest -->
